Using pre-set license
Built from '2022.3/staging' branch; Version is '2022.3.9f1 (ea401c316338) revision 15351836'; Using compiler version '192829333'; Build Type 'Release'
OS: 'Windows 11  (10.0.22631) 64bit CoreSingleLanguage' Language: 'en' Physical Memory: 16021 MB
BatchMode: 1, IsHumanControllingUs: 0, StartBugReporterOnCrash: 0, Is64bit: 1, IsPro: 1

COMMAND LINE ARGUMENTS:
C:\Program Files\Unity\Hub\Editor\2022.3.9f1\Editor\Unity.exe
-adb2
-batchMode
-noUpm
-name
AssetImportWorker0
-projectPath
C:/Users/kitin/vitamingame
-logFile
Logs/AssetImportWorker0.log
-srvPort
63336
Successfully changed project path to: C:/Users/kitin/vitamingame
C:/Users/kitin/vitamingame
[UnityMemory] Configuration Parameters - Can be set up in boot.config
    "memorysetup-bucket-allocator-granularity=16"
    "memorysetup-bucket-allocator-bucket-count=8"
    "memorysetup-bucket-allocator-block-size=33554432"
    "memorysetup-bucket-allocator-block-count=8"
    "memorysetup-main-allocator-block-size=16777216"
    "memorysetup-thread-allocator-block-size=16777216"
    "memorysetup-gfx-main-allocator-block-size=16777216"
    "memorysetup-gfx-thread-allocator-block-size=16777216"
    "memorysetup-cache-allocator-block-size=4194304"
    "memorysetup-typetree-allocator-block-size=2097152"
    "memorysetup-profiler-bucket-allocator-granularity=16"
    "memorysetup-profiler-bucket-allocator-bucket-count=8"
    "memorysetup-profiler-bucket-allocator-block-size=33554432"
    "memorysetup-profiler-bucket-allocator-block-count=8"
    "memorysetup-profiler-allocator-block-size=16777216"
    "memorysetup-profiler-editor-allocator-block-size=1048576"
    "memorysetup-temp-allocator-size-main=16777216"
    "memorysetup-job-temp-allocator-block-size=2097152"
    "memorysetup-job-temp-allocator-block-size-background=1048576"
    "memorysetup-job-temp-allocator-reduction-small-platforms=262144"
    "memorysetup-allocator-temp-initial-block-size-main=262144"
    "memorysetup-allocator-temp-initial-block-size-worker=262144"
    "memorysetup-temp-allocator-size-background-worker=32768"
    "memorysetup-temp-allocator-size-job-worker=262144"
    "memorysetup-temp-allocator-size-preload-manager=33554432"
    "memorysetup-temp-allocator-size-nav-mesh-worker=65536"
    "memorysetup-temp-allocator-size-audio-worker=65536"
    "memorysetup-temp-allocator-size-cloud-worker=32768"
    "memorysetup-temp-allocator-size-gi-baking-worker=262144"
    "memorysetup-temp-allocator-size-gfx=262144"
Player connection [29888] Host "[IP] 26.132.47.145 [Port] 0 [Flags] 2 [Guid] 3068672218 [EditorId] 3068672218 [Version] 1048832 [Id] WindowsEditor(7,LAPTOP-UTGVOE0A) [Debug] 1 [PackageName] WindowsEditor [ProjectName] Editor" joined multi-casting on [225.0.0.222:54997]...

Player connection [29888] Host "[IP] 26.132.47.145 [Port] 0 [Flags] 2 [Guid] 3068672218 [EditorId] 3068672218 [Version] 1048832 [Id] WindowsEditor(7,LAPTOP-UTGVOE0A) [Debug] 1 [PackageName] WindowsEditor [ProjectName] Editor" joined alternative multi-casting on [225.0.0.222:34997]...

[Physics::Module] Initialized MultithreadedJobDispatcher with 11 workers.
Refreshing native plugins compatible for Editor in 9.24 ms, found 4 plugins.
Preloading 0 native plugins for Editor in 0.00 ms.
Initialize engine version: 2022.3.9f1 (ea401c316338)
[Subsystems] Discovering subsystems at path C:/Program Files/Unity/Hub/Editor/2022.3.9f1/Editor/Data/Resources/UnitySubsystems
[Subsystems] Discovering subsystems at path C:/Users/kitin/vitamingame/Assets
GfxDevice: creating device client; threaded=0; jobified=0
Direct3D:
    Version:  Direct3D 11.0 [level 11.1]
    Renderer: NVIDIA GeForce RTX 3050 Ti Laptop GPU (ID=0x25a0)
    Vendor:   NVIDIA
    VRAM:     3962 MB
    Driver:   32.0.15.6094
Initialize mono
Mono path[0] = 'C:/Program Files/Unity/Hub/Editor/2022.3.9f1/Editor/Data/Managed'
Mono path[1] = 'C:/Program Files/Unity/Hub/Editor/2022.3.9f1/Editor/Data/MonoBleedingEdge/lib/mono/unityjit-win32'
Mono config path = 'C:/Program Files/Unity/Hub/Editor/2022.3.9f1/Editor/Data/MonoBleedingEdge/etc'
Using monoOptions --debugger-agent=transport=dt_socket,embedding=1,server=y,suspend=n,address=127.0.0.1:56700
Begin MonoManager ReloadAssembly
Registering precompiled unity dll's ...
Register platform support module: C:/Program Files/Unity/Hub/Editor/2022.3.9f1/Editor/Data/PlaybackEngines/WebGLSupport/UnityEditor.WebGL.Extensions.dll
Register platform support module: C:/Program Files/Unity/Hub/Editor/2022.3.9f1/Editor/Data/PlaybackEngines/WindowsStandaloneSupport/UnityEditor.WindowsStandalone.Extensions.dll
Registered in 0.008103 seconds.
- Loaded All Assemblies, in  0.358 seconds
Native extension for WindowsStandalone target not found
Native extension for WebGL target not found
Mono: successfully reloaded assembly
- Finished resetting the current domain, in  0.269 seconds
Domain Reload Profiling: 625ms
	BeginReloadAssembly (97ms)
		ExecutionOrderSort (0ms)
		DisableScriptedObjects (0ms)
		BackupInstance (0ms)
		ReleaseScriptingObjects (0ms)
		CreateAndSetChildDomain (1ms)
	RebuildCommonClasses (35ms)
	RebuildNativeTypeToScriptingClass (9ms)
	initialDomainReloadingComplete (53ms)
	LoadAllAssembliesAndSetupDomain (161ms)
		LoadAssemblies (96ms)
		RebuildTransferFunctionScriptingTraits (0ms)
		AnalyzeDomain (159ms)
			TypeCache.Refresh (158ms)
				TypeCache.ScanAssembly (142ms)
			ScanForSourceGeneratedMonoScriptInfo (0ms)
			ResolveRequiredComponents (1ms)
	FinalizeReload (269ms)
		ReleaseScriptCaches (0ms)
		RebuildScriptCaches (0ms)
		SetupLoadedEditorAssemblies (194ms)
			LogAssemblyErrors (0ms)
			InitializePlatformSupportModulesInManaged (11ms)
			SetLoadedEditorAssemblies (5ms)
			RefreshPlugins (0ms)
			BeforeProcessingInitializeOnLoad (2ms)
			ProcessInitializeOnLoadAttributes (123ms)
			ProcessInitializeOnLoadMethodAttributes (53ms)
			AfterProcessingInitializeOnLoad (0ms)
			EditorAssembliesLoaded (0ms)
		ExecutionOrderSort2 (0ms)
		AwakeInstancesAfterBackupRestoration (0ms)
========================================================================
Worker process is ready to serve import requests
Begin MonoManager ReloadAssembly
- Loaded All Assemblies, in  0.719 seconds
Refreshing native plugins compatible for Editor in 5.44 ms, found 4 plugins.
Native extension for WindowsStandalone target not found
Native extension for WebGL target not found
Package Manager log level set to [2]
[Package Manager] Server::EnsureServerProcessIsRunning -- launch failed, reason: Unity was launched with the -noUpm command-line argument
[Package Manager] UpmClient::Send -- Unable to send message (not connected to UPM process).
[Package Manager] Cannot connect to Unity Package Manager local server
Mono: successfully reloaded assembly
- Finished resetting the current domain, in  0.652 seconds
Domain Reload Profiling: 1368ms
	BeginReloadAssembly (172ms)
		ExecutionOrderSort (0ms)
		DisableScriptedObjects (5ms)
		BackupInstance (0ms)
		ReleaseScriptingObjects (0ms)
		CreateAndSetChildDomain (23ms)
	RebuildCommonClasses (41ms)
	RebuildNativeTypeToScriptingClass (11ms)
	initialDomainReloadingComplete (50ms)
	LoadAllAssembliesAndSetupDomain (441ms)
		LoadAssemblies (340ms)
		RebuildTransferFunctionScriptingTraits (0ms)
		AnalyzeDomain (208ms)
			TypeCache.Refresh (179ms)
				TypeCache.ScanAssembly (158ms)
			ScanForSourceGeneratedMonoScriptInfo (23ms)
			ResolveRequiredComponents (4ms)
	FinalizeReload (653ms)
		ReleaseScriptCaches (0ms)
		RebuildScriptCaches (0ms)
		SetupLoadedEditorAssemblies (474ms)
			LogAssemblyErrors (0ms)
			InitializePlatformSupportModulesInManaged (8ms)
			SetLoadedEditorAssemblies (4ms)
			RefreshPlugins (0ms)
			BeforeProcessingInitializeOnLoad (103ms)
			ProcessInitializeOnLoadAttributes (313ms)
			ProcessInitializeOnLoadMethodAttributes (39ms)
			AfterProcessingInitializeOnLoad (8ms)
			EditorAssembliesLoaded (0ms)
		ExecutionOrderSort2 (0ms)
		AwakeInstancesAfterBackupRestoration (9ms)
Launched and connected shader compiler UnityShaderCompiler.exe after 0.06 seconds
Refreshing native plugins compatible for Editor in 8.82 ms, found 4 plugins.
Preloading 0 native plugins for Editor in 0.00 ms.
Unloading 4050 Unused Serialized files (Serialized files now loaded: 0)
Unloading 69 unused Assets / (245.3 KB). Loaded Objects now: 4507.
Memory consumption went from 141.2 MB to 141.0 MB.
Total: 11.168000 ms (FindLiveObjects: 0.577500 ms CreateObjectMapping: 2.106100 ms MarkObjects: 7.521000 ms  DeleteObjects: 0.962000 ms)

AssetImportParameters requested are different than current active one (requested -> active):
  custom:container-demuxer-ogg: 62fdf1f143b41e24485cea50d1cbac27 -> 
  custom:video-codec-MediaFoundation-h265: 746d11721c4dcdbdad8f713fa42b33f4 -> 
  custom:video-decoder-ogg-theora: a1e56fd34408186e4bbccfd4996cb3dc -> 
  custom:framework-win-MediaFoundation: 216162199b28c13a410421893ffa2e32 -> 
  custom:CustomObjectIndexerAttribute: 756ad292c208cfabdd7b50bc23989ffe -> 
  custom:container-demuxer-webm: 4f35f7cbe854078d1ac9338744f61a02 -> 
  custom:container-muxer-webm: aa71ff27fc2769a1b78a27578f13a17b -> 
  custom:video-decoder-webm-vp8: 9c59270c3fd7afecdb556c50c9e8de78 -> 
  custom:SearchIndexIgnoredProperties: e643bd26f0fe6173181afceb89e7c659 -> 
  custom:AudioImporter_EditorPlatform: d09bf68614088b80899f8185d706f6e7 -> 
  custom:video-encoder-webm-vp8: eb34c28f22e8b96e1ab97ce403110664 -> 
  custom:audio-decoder-ogg-vorbis: bf7c407c2cedff20999df2af8eb42d56 -> 
  custom:audio-encoder-webm-vorbis: bf7c407c2cedff20999df2af8eb42d56 -> 
========================================================================
Received Import Request.
  Time since last request: 114830.165457 seconds.
  path: Assets/Scenes/IMG
  artifactKey: Guid(19c2305a4d6202249b2bd69dd95fa8ce) Importer(815301076,1909f56bfc062723c751e8b465ee728b)
Start importing Assets/Scenes/IMG using Guid(19c2305a4d6202249b2bd69dd95fa8ce) Importer(815301076,1909f56bfc062723c751e8b465ee728b)  -> (artifact id: 'e4180828622ff1db10b2433f7bf101f5') in 0.002121 seconds
Number of updated asset objects reloaded before import = 0
Number of asset objects unloaded after import = 0
========================================================================
Received Import Request.
  Time since last request: 33.194958 seconds.
  path: Assets/Scenes/IMG/LittleSceintist
  artifactKey: Guid(f5e26fabb37294d49975c60321440683) Importer(815301076,1909f56bfc062723c751e8b465ee728b)
Start importing Assets/Scenes/IMG/LittleSceintist using Guid(f5e26fabb37294d49975c60321440683) Importer(815301076,1909f56bfc062723c751e8b465ee728b)  -> (artifact id: '1381f00b07739e1e88e84dc7b9da4a2f') in 0.000517 seconds
Number of updated asset objects reloaded before import = 0
Number of asset objects unloaded after import = 0
========================================================================
Received Import Request.
  Time since last request: 0.029890 seconds.
  path: Assets/Scenes/IMG/LittleSceintist/1.png
  artifactKey: Guid(490229fba708cce4fbe7c7ebb5211ea6) Importer(815301076,1909f56bfc062723c751e8b465ee728b)
Start importing Assets/Scenes/IMG/LittleSceintist/1.png using Guid(490229fba708cce4fbe7c7ebb5211ea6) Importer(815301076,1909f56bfc062723c751e8b465ee728b)  -> (artifact id: 'c0ca0359264562c25614a4d697bd227b') in 0.109079 seconds
Number of updated asset objects reloaded before import = 0
Number of asset objects unloaded after import = 3
========================================================================
Received Import Request.
  Time since last request: 0.000034 seconds.
  path: Assets/Scenes/IMG/LittleSceintist/11.png
  artifactKey: Guid(8cb37e18298015c47a0cb75d7363c87d) Importer(815301076,1909f56bfc062723c751e8b465ee728b)
Start importing Assets/Scenes/IMG/LittleSceintist/11.png using Guid(8cb37e18298015c47a0cb75d7363c87d) Importer(815301076,1909f56bfc062723c751e8b465ee728b)  -> (artifact id: '8ed2272a7f81911a9c9c48b6c9bae638') in 0.024044 seconds
Number of updated asset objects reloaded before import = 0
Number of asset objects unloaded after import = 3
========================================================================
Received Import Request.
  Time since last request: 0.000035 seconds.
  path: Assets/Scenes/IMG/LittleSceintist/14.png
  artifactKey: Guid(7df3337f56d45c240b9a4add99aef121) Importer(815301076,1909f56bfc062723c751e8b465ee728b)
Start importing Assets/Scenes/IMG/LittleSceintist/14.png using Guid(7df3337f56d45c240b9a4add99aef121) Importer(815301076,1909f56bfc062723c751e8b465ee728b)  -> (artifact id: 'b9be1e20d44b423cd7da3fe6bf5c0cbf') in 0.024429 seconds
Number of updated asset objects reloaded before import = 0
Number of asset objects unloaded after import = 3
========================================================================
Received Import Request.
  Time since last request: 0.000017 seconds.
  path: Assets/Scenes/IMG/LittleSceintist/34.png
  artifactKey: Guid(68565b2be3e2d2b418d8de855debd639) Importer(815301076,1909f56bfc062723c751e8b465ee728b)
Start importing Assets/Scenes/IMG/LittleSceintist/34.png using Guid(68565b2be3e2d2b418d8de855debd639) Importer(815301076,1909f56bfc062723c751e8b465ee728b)  -> (artifact id: 'ea8b9ca9f0827cb148df4975c433edfe') in 0.023883 seconds
Number of updated asset objects reloaded before import = 0
Number of asset objects unloaded after import = 3
========================================================================
Received Import Request.
  Time since last request: 0.000020 seconds.
  path: Assets/Scenes/IMG/LittleSceintist/4.png
  artifactKey: Guid(a93fd06cdb1229a4280e5a2fa5ecd7d5) Importer(815301076,1909f56bfc062723c751e8b465ee728b)
Start importing Assets/Scenes/IMG/LittleSceintist/4.png using Guid(a93fd06cdb1229a4280e5a2fa5ecd7d5) Importer(815301076,1909f56bfc062723c751e8b465ee728b)  -> (artifact id: 'ecedf1f0a306d8886c95cecb55816287') in 0.021768 seconds
Number of updated asset objects reloaded before import = 0
Number of asset objects unloaded after import = 3
========================================================================
Received Import Request.
  Time since last request: 0.000018 seconds.
  path: Assets/Scenes/IMG/LittleSceintist/20.png
  artifactKey: Guid(323ab2af60ebcb14a83189056ede839a) Importer(815301076,1909f56bfc062723c751e8b465ee728b)
Start importing Assets/Scenes/IMG/LittleSceintist/20.png using Guid(323ab2af60ebcb14a83189056ede839a) Importer(815301076,1909f56bfc062723c751e8b465ee728b)  -> (artifact id: '10814e32841d89cfb521af58d2d4af08') in 0.021413 seconds
Number of updated asset objects reloaded before import = 0
Number of asset objects unloaded after import = 3
========================================================================
Received Import Request.
  Time since last request: 0.000023 seconds.
  path: Assets/Scenes/IMG/LittleSceintist/3.png
  artifactKey: Guid(26a315d8add87c24cb5278e30a37ee47) Importer(815301076,1909f56bfc062723c751e8b465ee728b)
Start importing Assets/Scenes/IMG/LittleSceintist/3.png using Guid(26a315d8add87c24cb5278e30a37ee47) Importer(815301076,1909f56bfc062723c751e8b465ee728b)  -> (artifact id: '860fe5360c31c177fbb33e056713cf4c') in 0.023594 seconds
Number of updated asset objects reloaded before import = 0
Number of asset objects unloaded after import = 3
========================================================================
Received Import Request.
  Time since last request: 0.000018 seconds.
  path: Assets/Scenes/IMG/LittleSceintist/38.png
  artifactKey: Guid(8402e13e3ae3ba24ea568494005b56c7) Importer(815301076,1909f56bfc062723c751e8b465ee728b)
Start importing Assets/Scenes/IMG/LittleSceintist/38.png using Guid(8402e13e3ae3ba24ea568494005b56c7) Importer(815301076,1909f56bfc062723c751e8b465ee728b)  -> (artifact id: '44f85b905fb7babe0603736b014f5263') in 0.020650 seconds
Number of updated asset objects reloaded before import = 0
Number of asset objects unloaded after import = 3
========================================================================
Received Import Request.
  Time since last request: 0.000019 seconds.
  path: Assets/Scenes/IMG/LittleSceintist/24.png
  artifactKey: Guid(03193e7071a44f949962bc73397566df) Importer(815301076,1909f56bfc062723c751e8b465ee728b)
Start importing Assets/Scenes/IMG/LittleSceintist/24.png using Guid(03193e7071a44f949962bc73397566df) Importer(815301076,1909f56bfc062723c751e8b465ee728b)  -> (artifact id: '6b37cc38944d63cccd1efc7873a7ff41') in 0.020946 seconds
Number of updated asset objects reloaded before import = 0
Number of asset objects unloaded after import = 3
========================================================================
Received Import Request.
  Time since last request: 0.000021 seconds.
  path: Assets/Scenes/IMG/LittleSceintist/16.png
  artifactKey: Guid(18e53ecdeac506244806c8940b223c44) Importer(815301076,1909f56bfc062723c751e8b465ee728b)
Start importing Assets/Scenes/IMG/LittleSceintist/16.png using Guid(18e53ecdeac506244806c8940b223c44) Importer(815301076,1909f56bfc062723c751e8b465ee728b)  -> (artifact id: 'b1d20dac42c00ed329b1f35f9fbeb1b9') in 0.021170 seconds
Number of updated asset objects reloaded before import = 0
Number of asset objects unloaded after import = 3
========================================================================
Received Import Request.
  Time since last request: 0.000016 seconds.
  path: Assets/Scenes/IMG/LittleSceintist/5.png
  artifactKey: Guid(d9ee3c2e89e41f844b866df9947dc5a1) Importer(815301076,1909f56bfc062723c751e8b465ee728b)
Start importing Assets/Scenes/IMG/LittleSceintist/5.png using Guid(d9ee3c2e89e41f844b866df9947dc5a1) Importer(815301076,1909f56bfc062723c751e8b465ee728b)  -> (artifact id: '12a5362e42b25ae77490049b5a1118a7') in 0.020575 seconds
Number of updated asset objects reloaded before import = 0
Number of asset objects unloaded after import = 3
========================================================================
Received Import Request.
  Time since last request: 0.000023 seconds.
  path: Assets/Scenes/IMG/LittleSceintist/9.png
  artifactKey: Guid(46b4f6856c8485a45b7cb7aaa3487d3b) Importer(815301076,1909f56bfc062723c751e8b465ee728b)
Start importing Assets/Scenes/IMG/LittleSceintist/9.png using Guid(46b4f6856c8485a45b7cb7aaa3487d3b) Importer(815301076,1909f56bfc062723c751e8b465ee728b)  -> (artifact id: '1a57efc4322208c6e88f874396e92129') in 0.021981 seconds
Number of updated asset objects reloaded before import = 0
Number of asset objects unloaded after import = 3
========================================================================
Received Import Request.
  Time since last request: 0.000032 seconds.
  path: Assets/Scenes/IMG/LittleSceintist/27.png
  artifactKey: Guid(4f146ed01a059a8469db59f9c6f2b93b) Importer(815301076,1909f56bfc062723c751e8b465ee728b)
Start importing Assets/Scenes/IMG/LittleSceintist/27.png using Guid(4f146ed01a059a8469db59f9c6f2b93b) Importer(815301076,1909f56bfc062723c751e8b465ee728b)  -> (artifact id: '632036696686da783f296c8790141a27') in 0.021738 seconds
Number of updated asset objects reloaded before import = 0
Number of asset objects unloaded after import = 3
========================================================================
Received Import Request.
  Time since last request: 0.000024 seconds.
  path: Assets/Scenes/IMG/LittleSceintist/36.png
  artifactKey: Guid(e6df3cc9df38de84596268097eae286d) Importer(815301076,1909f56bfc062723c751e8b465ee728b)
Start importing Assets/Scenes/IMG/LittleSceintist/36.png using Guid(e6df3cc9df38de84596268097eae286d) Importer(815301076,1909f56bfc062723c751e8b465ee728b)  -> (artifact id: '1b9f6cc9ae7f8754f83e54705fc69ee2') in 0.023092 seconds
Number of updated asset objects reloaded before import = 0
Number of asset objects unloaded after import = 3
========================================================================
Received Import Request.
  Time since last request: 0.000020 seconds.
  path: Assets/Scenes/IMG/LittleSceintist/22.png
  artifactKey: Guid(a5d80cbfda3737145bc47aef948d73a0) Importer(815301076,1909f56bfc062723c751e8b465ee728b)
Start importing Assets/Scenes/IMG/LittleSceintist/22.png using Guid(a5d80cbfda3737145bc47aef948d73a0) Importer(815301076,1909f56bfc062723c751e8b465ee728b)  -> (artifact id: '20cfb713a5f726b2295f3ea1318ba41d') in 0.021585 seconds
Number of updated asset objects reloaded before import = 0
Number of asset objects unloaded after import = 3
========================================================================
Received Import Request.
  Time since last request: 0.000024 seconds.
  path: Assets/Scenes/IMG/LittleSceintist/19.png
  artifactKey: Guid(52a05a27796adb942aab0dcc1493bb24) Importer(815301076,1909f56bfc062723c751e8b465ee728b)
Start importing Assets/Scenes/IMG/LittleSceintist/19.png using Guid(52a05a27796adb942aab0dcc1493bb24) Importer(815301076,1909f56bfc062723c751e8b465ee728b)  -> (artifact id: '660a486d3b621f13025e350d8d6f4c12') in 0.020685 seconds
Number of updated asset objects reloaded before import = 0
Number of asset objects unloaded after import = 3
========================================================================
Received Import Request.
  Time since last request: 0.000024 seconds.
  path: Assets/Scenes/IMG/LittleSceintist/29.png
  artifactKey: Guid(371ccbcee0670934f86bae963977c4b5) Importer(815301076,1909f56bfc062723c751e8b465ee728b)
Start importing Assets/Scenes/IMG/LittleSceintist/29.png using Guid(371ccbcee0670934f86bae963977c4b5) Importer(815301076,1909f56bfc062723c751e8b465ee728b)  -> (artifact id: '1ae5df81cea81abec75be235655ddb4e') in 0.021722 seconds
Number of updated asset objects reloaded before import = 0
Number of asset objects unloaded after import = 3
========================================================================
Received Import Request.
  Time since last request: 0.000022 seconds.
  path: Assets/Scenes/IMG/LittleSceintist/17.png
  artifactKey: Guid(ad6f37bc8441d5243baaf2b92466fbc9) Importer(815301076,1909f56bfc062723c751e8b465ee728b)
Start importing Assets/Scenes/IMG/LittleSceintist/17.png using Guid(ad6f37bc8441d5243baaf2b92466fbc9) Importer(815301076,1909f56bfc062723c751e8b465ee728b)  -> (artifact id: 'ecf25e156b3b79d9b8f8bd1a16b85b99') in 0.019476 seconds
Number of updated asset objects reloaded before import = 0
Number of asset objects unloaded after import = 3
========================================================================
Received Import Request.
  Time since last request: 0.000024 seconds.
  path: Assets/Scenes/IMG/LittleSceintist/8.png
  artifactKey: Guid(a7188101cfdfdb84891ee08524c44035) Importer(815301076,1909f56bfc062723c751e8b465ee728b)
Start importing Assets/Scenes/IMG/LittleSceintist/8.png using Guid(a7188101cfdfdb84891ee08524c44035) Importer(815301076,1909f56bfc062723c751e8b465ee728b)  -> (artifact id: '21a8212aea7e683ee690931f04ce15d9') in 0.022268 seconds
Number of updated asset objects reloaded before import = 0
Number of asset objects unloaded after import = 3
Editor requested this worker to shutdown with reason: Scaling down because of idle timeout
TcpMessagingSession - receive error: operation aborted. errorcode: 995, details: The I/O operation has been aborted because of either a thread exit or an application request.
AssetImportWorker is now disconnected from the server
Process exiting
Exiting without the bug reporter. Application will terminate with return code 0